{"name":"user should be able to open side menu","status":"broken","statusDetails":{"known":false,"muted":false,"flaky":false,"message":"Could not convert arguments for step [user selects {} option] defined at 'stepDefs.SideMenuStepdefs.userSelectsBodyTrack(helpers.SideMenu)'.\nThe details are in the stacktrace below.","trace":"io.cucumber.core.exception.CucumberException: Could not convert arguments for step [user selects {} option] defined at 'stepDefs.SideMenuStepdefs.userSelectsBodyTrack(helpers.SideMenu)'.\nThe details are in the stacktrace below.\n\tat io.cucumber.core.runner.PickleStepDefinitionMatch.couldNotConvertArguments(PickleStepDefinitionMatch.java:119)\n\tat io.cucumber.core.runner.PickleStepDefinitionMatch.runStep(PickleStepDefinitionMatch.java:56)\n\tat io.cucumber.core.runner.TestStep.executeStep(TestStep.java:64)\n\tat io.cucumber.core.runner.TestStep.run(TestStep.java:49)\n\tat io.cucumber.core.runner.PickleStepTestStep.run(PickleStepTestStep.java:46)\n\tat io.cucumber.core.runner.TestCase.run(TestCase.java:51)\n\tat io.cucumber.core.runner.Runner.runPickle(Runner.java:67)\n\tat io.cucumber.junit.PickleRunners$NoStepDescriptions.run(PickleRunners.java:149)\n\tat io.cucumber.junit.FeatureRunner.runChild(FeatureRunner.java:83)\n\tat io.cucumber.junit.FeatureRunner.runChild(FeatureRunner.java:24)\n\tat org.junit.runners.ParentRunner$4.run(ParentRunner.java:331)\n\tat org.junit.runners.ParentRunner$1.schedule(ParentRunner.java:79)\n\tat org.junit.runners.ParentRunner.runChildren(ParentRunner.java:329)\n\tat org.junit.runners.ParentRunner.access$100(ParentRunner.java:66)\n\tat org.junit.runners.ParentRunner$2.evaluate(ParentRunner.java:293)\n\tat org.junit.runners.ParentRunner$3.evaluate(ParentRunner.java:306)\n\tat org.junit.runners.ParentRunner.run(ParentRunner.java:413)\n\tat io.cucumber.junit.Cucumber.runChild(Cucumber.java:185)\n\tat io.cucumber.junit.Cucumber.runChild(Cucumber.java:83)\n\tat org.junit.runners.ParentRunner$4.run(ParentRunner.java:331)\n\tat org.junit.runners.ParentRunner$1.schedule(ParentRunner.java:79)\n\tat org.junit.runners.ParentRunner.runChildren(ParentRunner.java:329)\n\tat org.junit.runners.ParentRunner.access$100(ParentRunner.java:66)\n\tat org.junit.runners.ParentRunner$2.evaluate(ParentRunner.java:293)\n\tat io.cucumber.junit.Cucumber$RunCucumber.evaluate(Cucumber.java:219)\n\tat org.junit.runners.ParentRunner$3.evaluate(ParentRunner.java:306)\n\tat org.junit.runners.ParentRunner.run(ParentRunner.java:413)\n\tat org.gradle.api.internal.tasks.testing.junit.JUnitTestClassExecutor.runTestClass(JUnitTestClassExecutor.java:110)\n\tat org.gradle.api.internal.tasks.testing.junit.JUnitTestClassExecutor.execute(JUnitTestClassExecutor.java:58)\n\tat org.gradle.api.internal.tasks.testing.junit.JUnitTestClassExecutor.execute(JUnitTestClassExecutor.java:38)\n\tat org.gradle.api.internal.tasks.testing.junit.AbstractJUnitTestClassProcessor.processTestClass(AbstractJUnitTestClassProcessor.java:62)\n\tat org.gradle.api.internal.tasks.testing.SuiteTestClassProcessor.processTestClass(SuiteTestClassProcessor.java:51)\n\tat sun.reflect.NativeMethodAccessorImpl.invoke0(Native Method)\n\tat sun.reflect.NativeMethodAccessorImpl.invoke(NativeMethodAccessorImpl.java:62)\n\tat sun.reflect.DelegatingMethodAccessorImpl.invoke(DelegatingMethodAccessorImpl.java:43)\n\tat java.lang.reflect.Method.invoke(Method.java:498)\n\tat org.gradle.internal.dispatch.ReflectionDispatch.dispatch(ReflectionDispatch.java:36)\n\tat org.gradle.internal.dispatch.ReflectionDispatch.dispatch(ReflectionDispatch.java:24)\n\tat org.gradle.internal.dispatch.ContextClassLoaderDispatch.dispatch(ContextClassLoaderDispatch.java:33)\n\tat org.gradle.internal.dispatch.ProxyDispatchAdapter$DispatchingInvocationHandler.invoke(ProxyDispatchAdapter.java:94)\n\tat com.sun.proxy.$Proxy2.processTestClass(Unknown Source)\n\tat org.gradle.api.internal.tasks.testing.worker.TestWorker.processTestClass(TestWorker.java:118)\n\tat sun.reflect.NativeMethodAccessorImpl.invoke0(Native Method)\n\tat sun.reflect.NativeMethodAccessorImpl.invoke(NativeMethodAccessorImpl.java:62)\n\tat sun.reflect.DelegatingMethodAccessorImpl.invoke(DelegatingMethodAccessorImpl.java:43)\n\tat java.lang.reflect.Method.invoke(Method.java:498)\n\tat org.gradle.internal.dispatch.ReflectionDispatch.dispatch(ReflectionDispatch.java:36)\n\tat org.gradle.internal.dispatch.ReflectionDispatch.dispatch(ReflectionDispatch.java:24)\n\tat org.gradle.internal.remote.internal.hub.MessageHubBackedObjectConnection$DispatchWrapper.dispatch(MessageHubBackedObjectConnection.java:182)\n\tat org.gradle.internal.remote.internal.hub.MessageHubBackedObjectConnection$DispatchWrapper.dispatch(MessageHubBackedObjectConnection.java:164)\n\tat org.gradle.internal.remote.internal.hub.MessageHub$Handler.run(MessageHub.java:412)\n\tat org.gradle.internal.concurrent.ExecutorPolicy$CatchAndRecordFailures.onExecute(ExecutorPolicy.java:64)\n\tat org.gradle.internal.concurrent.ManagedExecutorImpl$1.run(ManagedExecutorImpl.java:48)\n\tat java.util.concurrent.ThreadPoolExecutor.runWorker(ThreadPoolExecutor.java:1149)\n\tat java.util.concurrent.ThreadPoolExecutor$Worker.run(ThreadPoolExecutor.java:624)\n\tat org.gradle.internal.concurrent.ThreadFactoryImpl$ManagedThreadRunnable.run(ThreadFactoryImpl.java:56)\n\tat java.lang.Thread.run(Thread.java:748)\nCaused by: io.cucumber.cucumberexpressions.CucumberExpressionException: Can't transform '<sideMenu>' to class helpers.SideMenu. Not an enum constant\n\tat io.cucumber.cucumberexpressions.BuiltInParameterTransformer.transform(BuiltInParameterTransformer.java:77)\n\tat io.cucumber.cucumberexpressions.CucumberExpression.lambda$match$0(CucumberExpression.java:140)\n\tat io.cucumber.cucumberexpressions.ParameterType$TransformerAdaptor.transform(ParameterType.java:269)\n\tat io.cucumber.cucumberexpressions.ParameterType.transform(ParameterType.java:233)\n\tat io.cucumber.cucumberexpressions.Argument.getValue(Argument.java:67)\n\tat io.cucumber.core.stepexpression.ExpressionArgument.getValue(ExpressionArgument.java:15)\n\tat io.cucumber.core.runner.PickleStepDefinitionMatch.runStep(PickleStepDefinitionMatch.java:47)\n\t... 55 more\n"},"stage":"finished","steps":[{"name":"Given  user should be able to register an account","status":"passed","statusDetails":{"known":false,"muted":false,"flaky":false},"stage":"finished","steps":[],"attachments":[],"parameters":[],"start":1587262177672,"stop":1587262198226},{"name":"And  user opens side menu","status":"passed","statusDetails":{"known":false,"muted":false,"flaky":false},"stage":"finished","steps":[],"attachments":[],"parameters":[],"start":1587262198226,"stop":1587262200370},{"name":"And  user selects <sideMenu> option","status":"broken","statusDetails":{"known":false,"muted":false,"flaky":false,"message":"Could not convert arguments for step [user selects {} option] defined at 'stepDefs.SideMenuStepdefs.userSelectsBodyTrack(helpers.SideMenu)'.\nThe details are in the stacktrace below.","trace":"io.cucumber.core.exception.CucumberException: Could not convert arguments for step [user selects {} option] defined at 'stepDefs.SideMenuStepdefs.userSelectsBodyTrack(helpers.SideMenu)'.\nThe details are in the stacktrace below.\n\tat io.cucumber.core.runner.PickleStepDefinitionMatch.couldNotConvertArguments(PickleStepDefinitionMatch.java:119)\n\tat io.cucumber.core.runner.PickleStepDefinitionMatch.runStep(PickleStepDefinitionMatch.java:56)\n\tat io.cucumber.core.runner.TestStep.executeStep(TestStep.java:64)\n\tat io.cucumber.core.runner.TestStep.run(TestStep.java:49)\n\tat io.cucumber.core.runner.PickleStepTestStep.run(PickleStepTestStep.java:46)\n\tat io.cucumber.core.runner.TestCase.run(TestCase.java:51)\n\tat io.cucumber.core.runner.Runner.runPickle(Runner.java:67)\n\tat io.cucumber.junit.PickleRunners$NoStepDescriptions.run(PickleRunners.java:149)\n\tat io.cucumber.junit.FeatureRunner.runChild(FeatureRunner.java:83)\n\tat io.cucumber.junit.FeatureRunner.runChild(FeatureRunner.java:24)\n\tat org.junit.runners.ParentRunner$4.run(ParentRunner.java:331)\n\tat org.junit.runners.ParentRunner$1.schedule(ParentRunner.java:79)\n\tat org.junit.runners.ParentRunner.runChildren(ParentRunner.java:329)\n\tat org.junit.runners.ParentRunner.access$100(ParentRunner.java:66)\n\tat org.junit.runners.ParentRunner$2.evaluate(ParentRunner.java:293)\n\tat org.junit.runners.ParentRunner$3.evaluate(ParentRunner.java:306)\n\tat org.junit.runners.ParentRunner.run(ParentRunner.java:413)\n\tat io.cucumber.junit.Cucumber.runChild(Cucumber.java:185)\n\tat io.cucumber.junit.Cucumber.runChild(Cucumber.java:83)\n\tat org.junit.runners.ParentRunner$4.run(ParentRunner.java:331)\n\tat org.junit.runners.ParentRunner$1.schedule(ParentRunner.java:79)\n\tat org.junit.runners.ParentRunner.runChildren(ParentRunner.java:329)\n\tat org.junit.runners.ParentRunner.access$100(ParentRunner.java:66)\n\tat org.junit.runners.ParentRunner$2.evaluate(ParentRunner.java:293)\n\tat io.cucumber.junit.Cucumber$RunCucumber.evaluate(Cucumber.java:219)\n\tat org.junit.runners.ParentRunner$3.evaluate(ParentRunner.java:306)\n\tat org.junit.runners.ParentRunner.run(ParentRunner.java:413)\n\tat org.gradle.api.internal.tasks.testing.junit.JUnitTestClassExecutor.runTestClass(JUnitTestClassExecutor.java:110)\n\tat org.gradle.api.internal.tasks.testing.junit.JUnitTestClassExecutor.execute(JUnitTestClassExecutor.java:58)\n\tat org.gradle.api.internal.tasks.testing.junit.JUnitTestClassExecutor.execute(JUnitTestClassExecutor.java:38)\n\tat org.gradle.api.internal.tasks.testing.junit.AbstractJUnitTestClassProcessor.processTestClass(AbstractJUnitTestClassProcessor.java:62)\n\tat org.gradle.api.internal.tasks.testing.SuiteTestClassProcessor.processTestClass(SuiteTestClassProcessor.java:51)\n\tat sun.reflect.NativeMethodAccessorImpl.invoke0(Native Method)\n\tat sun.reflect.NativeMethodAccessorImpl.invoke(NativeMethodAccessorImpl.java:62)\n\tat sun.reflect.DelegatingMethodAccessorImpl.invoke(DelegatingMethodAccessorImpl.java:43)\n\tat java.lang.reflect.Method.invoke(Method.java:498)\n\tat org.gradle.internal.dispatch.ReflectionDispatch.dispatch(ReflectionDispatch.java:36)\n\tat org.gradle.internal.dispatch.ReflectionDispatch.dispatch(ReflectionDispatch.java:24)\n\tat org.gradle.internal.dispatch.ContextClassLoaderDispatch.dispatch(ContextClassLoaderDispatch.java:33)\n\tat org.gradle.internal.dispatch.ProxyDispatchAdapter$DispatchingInvocationHandler.invoke(ProxyDispatchAdapter.java:94)\n\tat com.sun.proxy.$Proxy2.processTestClass(Unknown Source)\n\tat org.gradle.api.internal.tasks.testing.worker.TestWorker.processTestClass(TestWorker.java:118)\n\tat sun.reflect.NativeMethodAccessorImpl.invoke0(Native Method)\n\tat sun.reflect.NativeMethodAccessorImpl.invoke(NativeMethodAccessorImpl.java:62)\n\tat sun.reflect.DelegatingMethodAccessorImpl.invoke(DelegatingMethodAccessorImpl.java:43)\n\tat java.lang.reflect.Method.invoke(Method.java:498)\n\tat org.gradle.internal.dispatch.ReflectionDispatch.dispatch(ReflectionDispatch.java:36)\n\tat org.gradle.internal.dispatch.ReflectionDispatch.dispatch(ReflectionDispatch.java:24)\n\tat org.gradle.internal.remote.internal.hub.MessageHubBackedObjectConnection$DispatchWrapper.dispatch(MessageHubBackedObjectConnection.java:182)\n\tat org.gradle.internal.remote.internal.hub.MessageHubBackedObjectConnection$DispatchWrapper.dispatch(MessageHubBackedObjectConnection.java:164)\n\tat org.gradle.internal.remote.internal.hub.MessageHub$Handler.run(MessageHub.java:412)\n\tat org.gradle.internal.concurrent.ExecutorPolicy$CatchAndRecordFailures.onExecute(ExecutorPolicy.java:64)\n\tat org.gradle.internal.concurrent.ManagedExecutorImpl$1.run(ManagedExecutorImpl.java:48)\n\tat java.util.concurrent.ThreadPoolExecutor.runWorker(ThreadPoolExecutor.java:1149)\n\tat java.util.concurrent.ThreadPoolExecutor$Worker.run(ThreadPoolExecutor.java:624)\n\tat org.gradle.internal.concurrent.ThreadFactoryImpl$ManagedThreadRunnable.run(ThreadFactoryImpl.java:56)\n\tat java.lang.Thread.run(Thread.java:748)\nCaused by: io.cucumber.cucumberexpressions.CucumberExpressionException: Can't transform '<sideMenu>' to class helpers.SideMenu. Not an enum constant\n\tat io.cucumber.cucumberexpressions.BuiltInParameterTransformer.transform(BuiltInParameterTransformer.java:77)\n\tat io.cucumber.cucumberexpressions.CucumberExpression.lambda$match$0(CucumberExpression.java:140)\n\tat io.cucumber.cucumberexpressions.ParameterType$TransformerAdaptor.transform(ParameterType.java:269)\n\tat io.cucumber.cucumberexpressions.ParameterType.transform(ParameterType.java:233)\n\tat io.cucumber.cucumberexpressions.Argument.getValue(Argument.java:67)\n\tat io.cucumber.core.stepexpression.ExpressionArgument.getValue(ExpressionArgument.java:15)\n\tat io.cucumber.core.runner.PickleStepDefinitionMatch.runStep(PickleStepDefinitionMatch.java:47)\n\t... 55 more\n"},"stage":"finished","steps":[],"attachments":[],"parameters":[],"start":1587262200371,"stop":1587262200373},{"name":"Then  <sideMenu> should be displayed","status":"skipped","statusDetails":{"known":false,"muted":false,"flaky":false},"stage":"finished","steps":[],"attachments":[],"parameters":[],"start":1587262200373,"stop":1587262200374}],"attachments":[],"parameters":[{"name":"<sideMenu>","value":"WEIGHTTRACK"}],"start":1587262177672,"stop":1587262200374,"uuid":"ba088b24-04e5-4a3f-8537-a9f5450af8b3","historyId":"71db4b194ed06adbe2671867b1bd9acf","fullName":"Exercise related tests: user should be able to open side menu","labels":[{"name":"tag","value":"test"},{"name":"host","value":"Alexandro.local"},{"name":"thread","value":"92856@Alexandro.local.Test worker(11)"},{"name":"feature","value":"Exercise related tests"},{"name":"story","value":"user should be able to open side menu"},{"name":"suite","value":"Exercise related tests"},{"name":"testClass","value":"user should be able to open side menu"},{"name":"framework","value":"cucumber4jvm"},{"name":"language","value":"java"},{"name":"gherkin_uri","value":"file:///Users/aleksz/javaguru/src/test/resources/features/Exercises.feature"},{"name":"package","value":"src.test.resources.features.Exercises_feature.Exercise related tests"}],"links":[]}